app/build/outputs/logs/manifest-merger-debug-report.txt
-- Merging decision tree log ---
manifest
ADDED from src/main/AndroidManifest.xml:2:1-523:12
	package
		ADDED from src/main/AndroidManifest.xml:2:11-37
		INJECTED from src/main/AndroidManifest.xml
		INJECTED from src/main/AndroidManifest.xml
	android:versionName
		ADDED from src/main/AndroidManifest.xml:5:11-38
		INJECTED from src/main/AndroidManifest.xml
		INJECTED from src/main/AndroidManifest.xml
	android:versionCode
		ADDED from src/main/AndroidManifest.xml:4:11-36
		INJECTED from src/main/AndroidManifest.xml
		INJECTED from src/main/AndroidManifest.xml
	xmlns:android
		ADDED from src/main/AndroidManifest.xml:3:11-69
uses-sdk
ADDED from src/main/AndroidManifest.xml:7:5-9:40
MERGED from [com.android.support:support-v4:23.1.1] AndroidManifest.xml:20:5-43
MERGED from [org.xutils:xutils:3.3.8] AndroidManifest.xml:8:5-10:41
MERGED from [de.hdodenhof:circleimageview:2.0.0] AndroidManifest.xml:5:5-7:41
MERGED from [cn.finalteam:galleryfinal:1.4.8.7] AndroidManifest.xml:7:5-9:41
MERGED from [com.android.support:support-v4:23.1.1] AndroidManifest.xml:20:5-43
MERGED from [cn.finalteam:toolsfinal:1.1.5] AndroidManifest.xml:7:5-9:41
MERGED from [com.android.support:support-v4:23.1.1] AndroidManifest.xml:20:5-43
MERGED from [lzAndroid:alib_slidingmenulibrary:unspecified] AndroidManifest.xml:7:5-9:41
MERGED from [com.android.support:support-v4:23.1.1] AndroidManifest.xml:20:5-43
MERGED from [lzAndroid:alib_WXLikeVideoRecorderLib:unspecified] AndroidManifest.xml:7:5-9:41
MERGED from [com.android.support:support-v4:23.1.1] AndroidManifest.xml:20:5-43
MERGED from [com.yqritc:android-scalablevideoview:1.0.1] AndroidManifest.xml:8:5-10:41
MERGED from [com.squareup.leakcanary:leakcanary-android:1.3.1] AndroidManifest.xml:20:5-22:41
	android:targetSdkVersion
		ADDED from src/main/AndroidManifest.xml:9:9-38
		INJECTED from src/main/AndroidManifest.xml
		INJECTED from src/main/AndroidManifest.xml
	android:minSdkVersion
		ADDED from src/main/AndroidManifest.xml:8:9-35
		INJECTED from src/main/AndroidManifest.xml
		INJECTED from src/main/AndroidManifest.xml
supports-screens
ADDED from src/main/AndroidManifest.xml:11:5-15:38
	android:largeScreens
		ADDED from src/main/AndroidManifest.xml:13:9-36
	android:smallScreens
		ADDED from src/main/AndroidManifest.xml:15:9-36
	android:normalScreens
		ADDED from src/main/AndroidManifest.xml:14:9-37
	android:anyDensity
		ADDED from src/main/AndroidManifest.xml:12:9-34
uses-permission#android.permission.ACCESS_NETWORK_STATE
ADDED from src/main/AndroidManifest.xml:19:5-78
MERGED from [cn.finalteam:toolsfinal:1.1.5] AndroidManifest.xml:24:5-79
	android:name
		ADDED from src/main/AndroidManifest.xml:19:22-76
uses-permission#android.permission.ACCESS_WIFI_STATE
ADDED from src/main/AndroidManifest.xml:20:5-75
MERGED from [cn.finalteam:toolsfinal:1.1.5] AndroidManifest.xml:20:5-76
	android:name
		ADDED from src/main/AndroidManifest.xml:20:22-73
uses-permission#android.permission.READ_PHONE_STATE
ADDED from src/main/AndroidManifest.xml:21:5-74
MERGED from [cn.finalteam:toolsfinal:1.1.5] AndroidManifest.xml:18:5-75
	android:name
		ADDED from src/main/AndroidManifest.xml:21:22-72
uses-permission#android.permission.WRITE_EXTERNAL_STORAGE
ADDED from src/main/AndroidManifest.xml:22:5-80
MERGED from [cn.finalteam:galleryfinal:1.4.8.7] AndroidManifest.xml:14:5-81
MERGED from [cn.finalteam:toolsfinal:1.1.5] AndroidManifest.xml:14:5-81
MERGED from [lzAndroid:alib_WXLikeVideoRecorderLib:unspecified] AndroidManifest.xml:15:5-81
MERGED from [com.squareup.leakcanary:leakcanary-android:1.3.1] AndroidManifest.xml:25:5-81
	android:name
		ADDED from src/main/AndroidManifest.xml:22:22-78
uses-permission#android.permission.INTERNET
ADDED from src/main/AndroidManifest.xml:23:5-66
MERGED from [lzAndroid:alib_WXLikeVideoRecorderLib:unspecified] AndroidManifest.xml:12:5-67
	android:name
		ADDED from src/main/AndroidManifest.xml:23:22-64
uses-permission#android.permission.READ_LOGS
ADDED from src/main/AndroidManifest.xml:24:5-67
	android:name
		ADDED from src/main/AndroidManifest.xml:24:22-65
uses-permission#android.permission.CALL_PHONE
ADDED from src/main/AndroidManifest.xml:25:5-68
MERGED from [cn.finalteam:toolsfinal:1.1.5] AndroidManifest.xml:26:5-69
	android:name
		ADDED from src/main/AndroidManifest.xml:25:22-66
uses-permission#android.permission.ACCESS_FINE_LOCATION
ADDED from src/main/AndroidManifest.xml:26:5-78
	android:name
		ADDED from src/main/AndroidManifest.xml:26:22-76
uses-permission#android.permission.ACCESS_COARSE_LOCATION
ADDED from src/main/AndroidManifest.xml:27:5-80
	android:name
		ADDED from src/main/AndroidManifest.xml:27:22-78
uses-permission#android.permission.GET_TASKS
ADDED from src/main/AndroidManifest.xml:28:5-67
MERGED from [cn.finalteam:toolsfinal:1.1.5] AndroidManifest.xml:22:5-68
	android:name
		ADDED from src/main/AndroidManifest.xml:28:22-65
uses-permission#android.permission.SET_DEBUG_APP
ADDED from src/main/AndroidManifest.xml:29:5-71
	android:name
		ADDED from src/main/AndroidManifest.xml:29:22-69
uses-permission#android.permission.SYSTEM_ALERT_WINDOW
ADDED from src/main/AndroidManifest.xml:30:5-77
	android:name
		ADDED from src/main/AndroidManifest.xml:30:22-75
uses-permission#android.permission.GET_ACCOUNTS
ADDED from src/main/AndroidManifest.xml:31:5-70
	android:name
		ADDED from src/main/AndroidManifest.xml:31:22-68
uses-permission#android.permission.USE_CREDENTIALS
ADDED from src/main/AndroidManifest.xml:32:5-73
	android:name
		ADDED from src/main/AndroidManifest.xml:32:22-71
uses-permission#android.permission.MANAGE_ACCOUNTS
ADDED from src/main/AndroidManifest.xml:33:5-73
	android:name
		ADDED from src/main/AndroidManifest.xml:33:22-71
uses-permission#android.permission.READ_EXTERNAL_STORAGE
ADDED from src/main/AndroidManifest.xml:39:5-79
MERGED from [cn.finalteam:galleryfinal:1.4.8.7] AndroidManifest.xml:16:5-80
MERGED from [cn.finalteam:toolsfinal:1.1.5] AndroidManifest.xml:16:5-80
	android:name
		ADDED from src/main/AndroidManifest.xml:39:22-77
uses-permission#android.permission.CHANGE_WIFI_STATE
ADDED from src/main/AndroidManifest.xml:45:5-75
	android:name
		ADDED from src/main/AndroidManifest.xml:45:22-73
uses-permission#android.permission.CAMERA
ADDED from src/main/AndroidManifest.xml:52:5-64
MERGED from [lzAndroid:alib_WXLikeVideoRecorderLib:unspecified] AndroidManifest.xml:11:5-65
	android:name
		ADDED from src/main/AndroidManifest.xml:52:22-62
uses-permission#android.permission.MOUNT_UNMOUNT_FILESYSTEMS
ADDED from src/main/AndroidManifest.xml:54:5-83
MERGED from [cn.finalteam:galleryfinal:1.4.8.7] AndroidManifest.xml:12:5-84
MERGED from [cn.finalteam:toolsfinal:1.1.5] AndroidManifest.xml:12:5-84
	android:name
		ADDED from src/main/AndroidManifest.xml:54:22-81
uses-feature#android.hardware.touchscreen
ADDED from src/main/AndroidManifest.xml:65:5-67:35
	android:required
		ADDED from src/main/AndroidManifest.xml:67:9-33
	android:name
		ADDED from src/main/AndroidManifest.xml:66:9-52
uses-feature#android.software.leanback
ADDED from src/main/AndroidManifest.xml:68:5-70:34
	android:required
		ADDED from src/main/AndroidManifest.xml:70:9-32
	android:name
		ADDED from src/main/AndroidManifest.xml:69:9-49
uses-permission#android.permission.RECORD_AUDIO
ADDED from src/main/AndroidManifest.xml:81:5-70
MERGED from [lzAndroid:alib_WXLikeVideoRecorderLib:unspecified] AndroidManifest.xml:13:5-71
	android:name
		ADDED from src/main/AndroidManifest.xml:81:22-68
uses-permission#android.permission.WAKE_LOCK
ADDED from src/main/AndroidManifest.xml:82:5-67
MERGED from [lzAndroid:alib_WXLikeVideoRecorderLib:unspecified] AndroidManifest.xml:14:5-68
	android:name
		ADDED from src/main/AndroidManifest.xml:82:22-65
permission#android.permission.FLASHLIGHT
ADDED from src/main/AndroidManifest.xml:84:5-87:43
MERGED from [lzAndroid:alib_WXLikeVideoRecorderLib:unspecified] AndroidManifest.xml:17:5-20:44
	android:protectionLevel
		ADDED from src/main/AndroidManifest.xml:87:9-41
	android:permissionGroup
		ADDED from src/main/AndroidManifest.xml:86:9-77
	android:name
		ADDED from src/main/AndroidManifest.xml:85:9-53
uses-feature#android.hardware.camera
ADDED from src/main/AndroidManifest.xml:89:5-59
MERGED from [lzAndroid:alib_WXLikeVideoRecorderLib:unspecified] AndroidManifest.xml:22:5-60
	android:name
		ADDED from src/main/AndroidManifest.xml:89:19-57
uses-feature#android.hardware.camera.front
ADDED from src/main/AndroidManifest.xml:90:5-92:35
MERGED from [lzAndroid:alib_WXLikeVideoRecorderLib:unspecified] AndroidManifest.xml:23:5-25:36
	android:required
		ADDED from src/main/AndroidManifest.xml:92:9-33
	android:name
		ADDED from src/main/AndroidManifest.xml:91:9-53
uses-permission#com.android.launcher.permission.READ_SETTINGS
ADDED from src/main/AndroidManifest.xml:97:5-85
	android:name
		ADDED from src/main/AndroidManifest.xml:97:22-82
uses-permission#android.permission.WRITE_SETTINGS
ADDED from src/main/AndroidManifest.xml:103:5-73
	android:name
		ADDED from src/main/AndroidManifest.xml:103:22-70
permission#com.lazy.android.permission.JPUSH_MESSAGE
ADDED from src/main/AndroidManifest.xml:129:5-112
	android:protectionLevel
		ADDED from src/main/AndroidManifest.xml:129:74-109
	android:name
		ADDED from src/main/AndroidManifest.xml:129:17-73
uses-permission#com.lazy.android.permission.JPUSH_MESSAGE
ADDED from src/main/AndroidManifest.xml:132:5-81
	android:name
		ADDED from src/main/AndroidManifest.xml:132:22-78
uses-permission#android.permission.RECEIVE_USER_PRESENT
ADDED from src/main/AndroidManifest.xml:133:5-79
	android:name
		ADDED from src/main/AndroidManifest.xml:133:22-76
uses-permission#android.permission.VIBRATE
ADDED from src/main/AndroidManifest.xml:139:5-66
	android:name
		ADDED from src/main/AndroidManifest.xml:139:22-63
uses-permission#android.permission.ACCESS_LOCATION_EXTRA_COMMANDS
ADDED from src/main/AndroidManifest.xml:149:5-89
	android:name
		ADDED from src/main/AndroidManifest.xml:149:22-86
uses-permission#android.permission.CHANGE_NETWORK_STATE
ADDED from src/main/AndroidManifest.xml:150:5-79
	android:name
		ADDED from src/main/AndroidManifest.xml:150:22-76
application
ADDED from src/main/AndroidManifest.xml:153:5-520:19
MERGED from [com.android.support:support-v4:23.1.1] AndroidManifest.xml:22:5-20
MERGED from [org.xutils:xutils:3.3.8] AndroidManifest.xml:12:5-20
MERGED from [de.hdodenhof:circleimageview:2.0.0] AndroidManifest.xml:9:5-20
MERGED from [cn.finalteam:galleryfinal:1.4.8.7] AndroidManifest.xml:18:5-34:19
MERGED from [com.android.support:support-v4:23.1.1] AndroidManifest.xml:22:5-20
MERGED from [com.android.support:support-v4:23.1.1] AndroidManifest.xml:22:5-20
MERGED from [com.android.support:support-v4:23.1.1] AndroidManifest.xml:22:5-20
MERGED from [com.android.support:support-v4:23.1.1] AndroidManifest.xml:22:5-20
MERGED from [com.squareup.leakcanary:leakcanary-android:1.3.1] AndroidManifest.xml:27:5-49:19
	android:label
		ADDED from src/main/AndroidManifest.xml:157:9-41
	android:supportsRtl
		ADDED from [cn.finalteam:galleryfinal:1.4.8.7] AndroidManifest.xml:21:9-35
	android:allowBackup
		ADDED from src/main/AndroidManifest.xml:155:9-35
	android:icon
		ADDED from src/main/AndroidManifest.xml:156:9-38
	android:largeHeap
		ADDED from [cn.finalteam:galleryfinal:1.4.8.7] AndroidManifest.xml:20:9-33
	android:theme
		ADDED from src/main/AndroidManifest.xml:158:9-62
	android:name
		ADDED from src/main/AndroidManifest.xml:154:9-73
meta-data#UMENG_APPKEY
ADDED from src/main/AndroidManifest.xml:163:9-101
	android:value
		ADDED from src/main/AndroidManifest.xml:163:20-60
	android:name
		ADDED from src/main/AndroidManifest.xml:163:61-88
meta-data#UMENG_CHANNEL
ADDED from src/main/AndroidManifest.xml:164:9-70
	android:value
		ADDED from src/main/AndroidManifest.xml:164:20-39
	android:name
		ADDED from src/main/AndroidManifest.xml:164:40-68
activity#com.lazy.android.sample.SampleIndexActivity
ADDED from src/main/AndroidManifest.xml:167:9-172:20
	android:name
		ADDED from src/main/AndroidManifest.xml:167:19-61
intent-filter#android.intent.action.MAIN+android.intent.category.LAUNCHER
ADDED from src/main/AndroidManifest.xml:168:13-171:29
action#android.intent.action.MAIN
ADDED from src/main/AndroidManifest.xml:169:13-65
	android:name
		ADDED from src/main/AndroidManifest.xml:169:21-62
category#android.intent.category.LAUNCHER
ADDED from src/main/AndroidManifest.xml:170:13-73
	android:name
		ADDED from src/main/AndroidManifest.xml:170:23-70
activity#com.lazy.android.sample.xutils.activity.SampleXutilsIndexActivity
ADDED from src/main/AndroidManifest.xml:174:9-85
	android:name
		ADDED from src/main/AndroidManifest.xml:174:19-83
activity#com.lazy.android.sample.umeng.Activity.SampleUmengIndexActivity
ADDED from src/main/AndroidManifest.xml:176:9-83
	android:name
		ADDED from src/main/AndroidManifest.xml:176:19-81
activity#com.lazy.android.sample.jpush.JpushIndexActivity
ADDED from src/main/AndroidManifest.xml:178:9-68
	android:name
		ADDED from src/main/AndroidManifest.xml:178:19-66
activity#com.lazy.android.sample.webview.LZHtmlActivity
ADDED from src/main/AndroidManifest.xml:180:9-66
	android:name
		ADDED from src/main/AndroidManifest.xml:180:19-64
activity#com.lazy.android.sample.divview.DivviewIndexActivity
ADDED from src/main/AndroidManifest.xml:185:9-72
	android:name
		ADDED from src/main/AndroidManifest.xml:185:19-70
activity#com.lazy.android.sample.divview.netlist.NetListActivity
ADDED from src/main/AndroidManifest.xml:187:9-75
	android:name
		ADDED from src/main/AndroidManifest.xml:187:19-73
activity#com.lazy.android.sample.divview.slidingmenu.SlidingmenuIndexActivity
ADDED from src/main/AndroidManifest.xml:189:9-88
	android:name
		ADDED from src/main/AndroidManifest.xml:189:19-86
activity#com.lazy.android.sample.divview.circleimageview.CircleImageViewActivity
ADDED from src/main/AndroidManifest.xml:191:9-91
	android:name
		ADDED from src/main/AndroidManifest.xml:191:19-89
activity#com.lazy.android.sample.demo.ADemoIndexActivity
ADDED from src/main/AndroidManifest.xml:193:9-67
	android:name
		ADDED from src/main/AndroidManifest.xml:193:19-65
activity#com.lazy.android.sample.demo.DemoSurfaceViewActivity
ADDED from src/main/AndroidManifest.xml:195:9-72
	android:name
		ADDED from src/main/AndroidManifest.xml:195:19-70
activity#com.lazy.android.sample.scan.SampleScanIndexActivity
ADDED from src/main/AndroidManifest.xml:199:9-72
	android:name
		ADDED from src/main/AndroidManifest.xml:199:19-70
activity#com.lazy.android.sample.baidumap.SampleBaidumapIndexActivity
ADDED from src/main/AndroidManifest.xml:202:9-80
	android:name
		ADDED from src/main/AndroidManifest.xml:202:19-78
activity#com.lazy.android.sample.baidumap.BaidumapInitActivity
ADDED from src/main/AndroidManifest.xml:203:9-73
	android:name
		ADDED from src/main/AndroidManifest.xml:203:19-71
activity#com.lazy.android.sample.baidumap.BaidumapSearchActivity
ADDED from src/main/AndroidManifest.xml:204:9-75
	android:name
		ADDED from src/main/AndroidManifest.xml:204:19-73
activity#com.lazy.android.sample.baidumap.BaidumapRoadSearchActivity
ADDED from src/main/AndroidManifest.xml:205:9-79
	android:name
		ADDED from src/main/AndroidManifest.xml:205:19-77
activity#com.lazy.android.sample.baidumap.BaidumapLocationActivity
ADDED from src/main/AndroidManifest.xml:206:9-77
	android:name
		ADDED from src/main/AndroidManifest.xml:206:19-75
service#com.baidu.location.f
ADDED from src/main/AndroidManifest.xml:208:9-209:19
	android:enabled
		ADDED from src/main/AndroidManifest.xml:208:54-76
	android:process
		ADDED from src/main/AndroidManifest.xml:208:77-102
	android:name
		ADDED from src/main/AndroidManifest.xml:208:18-53
activity#com.lazy.android.basefunc.LZScan.ScanCreateActivity
ADDED from src/main/AndroidManifest.xml:213:9-71
	android:name
		ADDED from src/main/AndroidManifest.xml:213:19-69
activity#com.lazy.android.basefunc.LZScan.ScanCommonActivity
ADDED from src/main/AndroidManifest.xml:216:9-71
	android:name
		ADDED from src/main/AndroidManifest.xml:216:19-69
activity#com.lazy.android.basefunc.LZRecord.PlayVideoActiviy
ADDED from src/main/AndroidManifest.xml:235:9-237:51
	android:screenOrientation
		ADDED from src/main/AndroidManifest.xml:237:13-49
	android:name
		ADDED from src/main/AndroidManifest.xml:236:13-63
activity#com.lazy.android.basefunc.LZRecord.RecordMainActivity
ADDED from src/main/AndroidManifest.xml:238:9-245:20
	android:screenOrientation
		ADDED from src/main/AndroidManifest.xml:240:13-49
	android:name
		ADDED from src/main/AndroidManifest.xml:239:13-65
activity#com.lazy.android.basefunc.LZRecord.NewRecordVideoActivity
ADDED from src/main/AndroidManifest.xml:247:9-254:20
	android:screenOrientation
		ADDED from src/main/AndroidManifest.xml:249:13-49
	android:name
		ADDED from src/main/AndroidManifest.xml:248:13-69
activity#com.lazy.android.sample.divview.activityButtonup.ActivityButtonUpActivity
ADDED from src/main/AndroidManifest.xml:257:9-260:58
	android:screenOrientation
		ADDED from src/main/AndroidManifest.xml:259:13-49
	android:theme
		ADDED from src/main/AndroidManifest.xml:260:13-56
	android:name
		ADDED from src/main/AndroidManifest.xml:258:13-85
activity#com.lazy.android.sample.takePhoto.SampleTakePhotoActivity
ADDED from src/main/AndroidManifest.xml:262:9-264:51
	android:screenOrientation
		ADDED from src/main/AndroidManifest.xml:264:13-49
	android:name
		ADDED from src/main/AndroidManifest.xml:263:13-69
activity#com.lazy.android.wxapi.WXEntryActivity
ADDED from src/main/AndroidManifest.xml:270:9-275:74
	android:screenOrientation
		ADDED from src/main/AndroidManifest.xml:274:13-49
	android:exported
		ADDED from src/main/AndroidManifest.xml:273:13-36
	android:configChanges
		ADDED from src/main/AndroidManifest.xml:272:13-74
	android:theme
		ADDED from src/main/AndroidManifest.xml:275:13-72
	android:name
		ADDED from src/main/AndroidManifest.xml:271:13-66
activity#com.tencent.tauth.AuthActivity
ADDED from src/main/AndroidManifest.xml:278:9-288:20
	android:launchMode
		ADDED from src/main/AndroidManifest.xml:280:13-44
	android:noHistory
		ADDED from src/main/AndroidManifest.xml:281:13-37
	android:name
		ADDED from src/main/AndroidManifest.xml:279:13-58
intent-filter#android.intent.action.VIEW+android.intent.category.BROWSABLE+android.intent.category.DEFAULT
ADDED from src/main/AndroidManifest.xml:282:13-287:29
action#android.intent.action.VIEW
ADDED from src/main/AndroidManifest.xml:283:17-68
	android:name
		ADDED from src/main/AndroidManifest.xml:283:25-66
category#android.intent.category.DEFAULT
ADDED from src/main/AndroidManifest.xml:284:17-75
	android:name
		ADDED from src/main/AndroidManifest.xml:284:27-73
category#android.intent.category.BROWSABLE
ADDED from src/main/AndroidManifest.xml:285:17-77
	android:name
		ADDED from src/main/AndroidManifest.xml:285:27-75
data
ADDED from src/main/AndroidManifest.xml:286:17-59
	android:scheme
		ADDED from src/main/AndroidManifest.xml:286:23-57
activity#com.tencent.connect.common.AssistActivity
ADDED from src/main/AndroidManifest.xml:289:9-292:74
	android:screenOrientation
		ADDED from src/main/AndroidManifest.xml:291:13-49
	android:theme
		ADDED from src/main/AndroidManifest.xml:292:13-72
	android:name
		ADDED from src/main/AndroidManifest.xml:290:13-69
activity#com.lazy.android.umengCallback.WBShareActivity
ADDED from src/main/AndroidManifest.xml:296:9-304:20
	android:screenOrientation
		ADDED from src/main/AndroidManifest.xml:299:13-49
	android:configChanges
		ADDED from src/main/AndroidManifest.xml:298:13-63
	android:name
		ADDED from src/main/AndroidManifest.xml:297:13-58
intent-filter#android.intent.category.DEFAULT+com.sina.weibo.sdk.action.ACTION_SDK_REQ_ACTIVITY
ADDED from src/main/AndroidManifest.xml:300:13-303:29
action#com.sina.weibo.sdk.action.ACTION_SDK_REQ_ACTIVITY
ADDED from src/main/AndroidManifest.xml:301:17-91
	android:name
		ADDED from src/main/AndroidManifest.xml:301:25-89
activity#com.sina.weibo.sdk.component.WeiboSdkBrowser
ADDED from src/main/AndroidManifest.xml:305:9-310:20
	android:exported
		ADDED from src/main/AndroidManifest.xml:308:13-37
	android:windowSoftInputMode
		ADDED from src/main/AndroidManifest.xml:309:13-55
	android:configChanges
		ADDED from src/main/AndroidManifest.xml:307:13-63
	android:name
		ADDED from src/main/AndroidManifest.xml:306:13-72
service#com.sina.weibo.sdk.net.DownloadService
ADDED from src/main/AndroidManifest.xml:312:9-315:19
	android:exported
		ADDED from src/main/AndroidManifest.xml:314:13-37
	android:name
		ADDED from src/main/AndroidManifest.xml:313:13-66
activity#com.lazy.android.baseui.crumbs.CrumbsTakephotoActivity
ADDED from src/main/AndroidManifest.xml:338:9-341:58
	android:screenOrientation
		ADDED from src/main/AndroidManifest.xml:340:13-49
	android:theme
		ADDED from src/main/AndroidManifest.xml:341:13-56
	android:name
		ADDED from src/main/AndroidManifest.xml:339:13-66
activity#com.lazy.android.baseui.crumbs.CrumbsUmengSharedActivity
ADDED from src/main/AndroidManifest.xml:344:9-347:58
	android:screenOrientation
		ADDED from src/main/AndroidManifest.xml:346:13-49
	android:theme
		ADDED from src/main/AndroidManifest.xml:347:13-56
	android:name
		ADDED from src/main/AndroidManifest.xml:345:13-68
activity#com.lazy.android.baseui.crumbs.CrumbsCityPick.CrumbsCityPickActivity
ADDED from src/main/AndroidManifest.xml:350:9-354:20
	android:screenOrientation
		ADDED from src/main/AndroidManifest.xml:352:13-49
	android:theme
		ADDED from src/main/AndroidManifest.xml:353:13-56
	android:name
		ADDED from src/main/AndroidManifest.xml:351:13-80
activity#com.lazy.android.baseui.crumbs.CrumbsPickerDiyActivity
ADDED from src/main/AndroidManifest.xml:357:9-360:58
	android:screenOrientation
		ADDED from src/main/AndroidManifest.xml:359:13-49
	android:theme
		ADDED from src/main/AndroidManifest.xml:360:13-56
	android:name
		ADDED from src/main/AndroidManifest.xml:358:13-66
activity#com.lazy.android.baseui.crumbs.CrumbsPickerDateActivity
ADDED from src/main/AndroidManifest.xml:364:9-367:58
	android:screenOrientation
		ADDED from src/main/AndroidManifest.xml:366:13-49
	android:theme
		ADDED from src/main/AndroidManifest.xml:367:13-56
	android:name
		ADDED from src/main/AndroidManifest.xml:365:13-67
activity#com.lazy.android.wxapi.WXPayEntryActivity
ADDED from src/main/AndroidManifest.xml:372:9-376:58
	android:screenOrientation
		ADDED from src/main/AndroidManifest.xml:375:13-49
	android:exported
		ADDED from src/main/AndroidManifest.xml:374:13-36
	android:theme
		ADDED from src/main/AndroidManifest.xml:376:13-56
	android:name
		ADDED from src/main/AndroidManifest.xml:373:13-53
activity#com.lazy.android.basefunc.LZPay.AlipayActivity
ADDED from src/main/AndroidManifest.xml:380:9-389:20
	android:screenOrientation
		ADDED from src/main/AndroidManifest.xml:382:13-49
	android:theme
		ADDED from src/main/AndroidManifest.xml:383:13-56
	android:name
		ADDED from src/main/AndroidManifest.xml:381:13-58
activity#com.lazy.android.basefunc.LZPay.WxpayActivity
ADDED from src/main/AndroidManifest.xml:392:9-400:20
	android:screenOrientation
		ADDED from src/main/AndroidManifest.xml:394:13-49
	android:theme
		ADDED from src/main/AndroidManifest.xml:395:13-56
	android:name
		ADDED from src/main/AndroidManifest.xml:393:13-57
service#cn.jpush.android.service.PushService
ADDED from src/main/AndroidManifest.xml:414:9-424:19
	android:enabled
		ADDED from src/main/AndroidManifest.xml:416:13-35
	android:exported
		ADDED from src/main/AndroidManifest.xml:417:13-37
	android:name
		ADDED from src/main/AndroidManifest.xml:415:13-64
intent-filter#cn.jpush.android.intent.PUSH_TIME+cn.jpush.android.intent.PushService+cn.jpush.android.intent.REGISTER+cn.jpush.android.intent.REPORT
ADDED from src/main/AndroidManifest.xml:418:13-423:29
action#cn.jpush.android.intent.REGISTER
ADDED from src/main/AndroidManifest.xml:419:17-75
	android:name
		ADDED from src/main/AndroidManifest.xml:419:25-72
action#cn.jpush.android.intent.REPORT
ADDED from src/main/AndroidManifest.xml:420:17-73
	android:name
		ADDED from src/main/AndroidManifest.xml:420:25-70
action#cn.jpush.android.intent.PushService
ADDED from src/main/AndroidManifest.xml:421:17-78
	android:name
		ADDED from src/main/AndroidManifest.xml:421:25-75
action#cn.jpush.android.intent.PUSH_TIME
ADDED from src/main/AndroidManifest.xml:422:17-76
	android:name
		ADDED from src/main/AndroidManifest.xml:422:25-73
service#cn.jpush.android.service.DaemonService
ADDED from src/main/AndroidManifest.xml:428:9-436:19
	android:enabled
		ADDED from src/main/AndroidManifest.xml:430:13-35
	android:exported
		ADDED from src/main/AndroidManifest.xml:431:13-36
	android:name
		ADDED from src/main/AndroidManifest.xml:429:13-66
intent-filter#cn.jpush.android.intent.DaemonService+com.lazy.android
ADDED from src/main/AndroidManifest.xml:432:13-435:29
action#cn.jpush.android.intent.DaemonService
ADDED from src/main/AndroidManifest.xml:433:17-80
	android:name
		ADDED from src/main/AndroidManifest.xml:433:25-77
category#com.lazy.android
ADDED from src/main/AndroidManifest.xml:434:17-60
	android:name
		ADDED from src/main/AndroidManifest.xml:434:27-58
receiver#cn.jpush.android.service.PushReceiver
ADDED from src/main/AndroidManifest.xml:439:9-456:20
	android:enabled
		ADDED from src/main/AndroidManifest.xml:441:13-35
	android:name
		ADDED from src/main/AndroidManifest.xml:440:13-65
intent-filter#cn.jpush.android.intent.NOTIFICATION_RECEIVED_PROXY+com.lazy.android
ADDED from src/main/AndroidManifest.xml:442:13-445:29
	android:priority
		ADDED from src/main/AndroidManifest.xml:442:28-51
action#cn.jpush.android.intent.NOTIFICATION_RECEIVED_PROXY
ADDED from src/main/AndroidManifest.xml:443:17-94
	android:name
		ADDED from src/main/AndroidManifest.xml:443:25-91
intent-filter#android.intent.action.USER_PRESENT+android.net.conn.CONNECTIVITY_CHANGE
ADDED from src/main/AndroidManifest.xml:446:13-449:29
action#android.intent.action.USER_PRESENT
ADDED from src/main/AndroidManifest.xml:447:17-77
	android:name
		ADDED from src/main/AndroidManifest.xml:447:25-74
action#android.net.conn.CONNECTIVITY_CHANGE
ADDED from src/main/AndroidManifest.xml:448:17-79
	android:name
		ADDED from src/main/AndroidManifest.xml:448:25-76
intent-filter#android.intent.action.PACKAGE_ADDED+android.intent.action.PACKAGE_REMOVED
ADDED from src/main/AndroidManifest.xml:451:13-455:29
action#android.intent.action.PACKAGE_ADDED
ADDED from src/main/AndroidManifest.xml:452:17-78
	android:name
		ADDED from src/main/AndroidManifest.xml:452:25-75
action#android.intent.action.PACKAGE_REMOVED
ADDED from src/main/AndroidManifest.xml:453:17-80
	android:name
		ADDED from src/main/AndroidManifest.xml:453:25-77
activity#cn.jpush.android.ui.PushActivity
ADDED from src/main/AndroidManifest.xml:458:9-467:20
	android:exported
		ADDED from src/main/AndroidManifest.xml:461:13-37
	android:configChanges
		ADDED from src/main/AndroidManifest.xml:460:13-63
	android:name
		ADDED from src/main/AndroidManifest.xml:459:13-60
intent-filter#android.intent.category.DEFAULT+cn.jpush.android.ui.PushActivity+com.lazy.android
ADDED from src/main/AndroidManifest.xml:462:13-466:29
action#cn.jpush.android.ui.PushActivity
ADDED from src/main/AndroidManifest.xml:463:17-75
	android:name
		ADDED from src/main/AndroidManifest.xml:463:25-72
service#cn.jpush.android.service.DownloadService
ADDED from src/main/AndroidManifest.xml:469:9-473:19
	android:enabled
		ADDED from src/main/AndroidManifest.xml:471:13-35
	android:exported
		ADDED from src/main/AndroidManifest.xml:472:13-37
	android:name
		ADDED from src/main/AndroidManifest.xml:470:13-68
receiver#cn.jpush.android.service.AlarmReceiver
ADDED from src/main/AndroidManifest.xml:475:9-75
	android:name
		ADDED from src/main/AndroidManifest.xml:475:19-72
receiver#com.lazy.android.basefunc.LZPush.JpushReceiver
ADDED from src/main/AndroidManifest.xml:478:9-496:20
	android:enabled
		ADDED from src/main/AndroidManifest.xml:480:13-35
	android:name
		ADDED from src/main/AndroidManifest.xml:479:13-58
intent-filter#cn.jpush.android.intent.ACTION_RICHPUSH_CALLBACK+cn.jpush.android.intent.CONNECTION+cn.jpush.android.intent.MESSAGE_RECEIVED+cn.jpush.android.intent.NOTIFICATION_OPENED+cn.jpush.android.intent.NOTIFICATION_RECEIVED+cn.jpush.android.intent.REGISTRATION+com.lazy.android
ADDED from src/main/AndroidManifest.xml:481:13-495:29
action#cn.jpush.android.intent.REGISTRATION
ADDED from src/main/AndroidManifest.xml:483:17-79
	android:name
		ADDED from src/main/AndroidManifest.xml:483:25-76
action#cn.jpush.android.intent.MESSAGE_RECEIVED
ADDED from src/main/AndroidManifest.xml:485:17-83
	android:name
		ADDED from src/main/AndroidManifest.xml:485:25-80
action#cn.jpush.android.intent.NOTIFICATION_RECEIVED
ADDED from src/main/AndroidManifest.xml:487:17-88
	android:name
		ADDED from src/main/AndroidManifest.xml:487:25-85
action#cn.jpush.android.intent.NOTIFICATION_OPENED
ADDED from src/main/AndroidManifest.xml:489:17-86
	android:name
		ADDED from src/main/AndroidManifest.xml:489:25-83
action#cn.jpush.android.intent.ACTION_RICHPUSH_CALLBACK
ADDED from src/main/AndroidManifest.xml:491:17-91
	android:name
		ADDED from src/main/AndroidManifest.xml:491:25-88
action#cn.jpush.android.intent.CONNECTION
ADDED from src/main/AndroidManifest.xml:493:17-77
	android:name
		ADDED from src/main/AndroidManifest.xml:493:25-74
meta-data#JPUSH_CHANNEL
ADDED from src/main/AndroidManifest.xml:504:9-84
	android:value
		ADDED from src/main/AndroidManifest.xml:504:49-82
	android:name
		ADDED from src/main/AndroidManifest.xml:504:20-48
meta-data#JPUSH_APPKEY
ADDED from src/main/AndroidManifest.xml:506:9-90
	android:value
		ADDED from src/main/AndroidManifest.xml:506:48-88
	android:name
		ADDED from src/main/AndroidManifest.xml:506:20-47
meta-data#com.baidu.lbsapi.API_KEY
ADDED from src/main/AndroidManifest.xml:512:9-111
	android:value
		ADDED from src/main/AndroidManifest.xml:512:60-108
	android:name
		ADDED from src/main/AndroidManifest.xml:512:20-59
activity#cn.finalteam.galleryfinal.PhotoSelectActivity
ADDED from [cn.finalteam:galleryfinal:1.4.8.7] AndroidManifest.xml:22:9-25:52
	android:screenOrientation